Detecting C [-std=c11] compiler features failed to compile with the following output:
Change Dir: /home/olegovich22/brother/laboratory_works/Laboratory_work_#1(v2)/CMakeFiles/CMakeTmp

Run Build Command(s):/usr/bin/make cmTC_5d20b/fast 
/usr/bin/make -f CMakeFiles/cmTC_5d20b.dir/build.make CMakeFiles/cmTC_5d20b.dir/build
make[1]: Entering directory '/home/olegovich22/brother/laboratory_works/Laboratory_work_#1(v2)/CMakeFiles/CMakeTmp'
make[1]: *** No rule to make target '/home/olegovich22/brother/laboratory_works/Laboratory_work_', needed by 'CMakeFiles/cmTC_5d20b.dir/feature_tests.c.o'.  Stop.
make[1]: Leaving directory '/home/olegovich22/brother/laboratory_works/Laboratory_work_#1(v2)/CMakeFiles/CMakeTmp'
make: *** [Makefile:121: cmTC_5d20b/fast] Error 2



Detecting CXX [-std=c++2a] compiler features failed to compile with the following output:
Change Dir: /home/olegovich22/brother/laboratory_works/Laboratory_work_#1(v2)/CMakeFiles/CMakeTmp

Run Build Command(s):/usr/bin/make cmTC_2c650/fast 
/usr/bin/make -f CMakeFiles/cmTC_2c650.dir/build.make CMakeFiles/cmTC_2c650.dir/build
make[1]: Entering directory '/home/olegovich22/brother/laboratory_works/Laboratory_work_#1(v2)/CMakeFiles/CMakeTmp'
make[1]: *** No rule to make target '/home/olegovich22/brother/laboratory_works/Laboratory_work_', needed by 'CMakeFiles/cmTC_2c650.dir/feature_tests.cxx.o'.  Stop.
make[1]: Leaving directory '/home/olegovich22/brother/laboratory_works/Laboratory_work_#1(v2)/CMakeFiles/CMakeTmp'
make: *** [Makefile:121: cmTC_2c650/fast] Error 2



